<?xml version="1.0" encoding="UTF-8"?>
<!-- Generated by org.testng.reporters.JUnitReportReporter -->
<testsuite hostname="DESKTOP-QRJIP05" failures="0" tests="3" name="sctevt_runner_Execution.SctevtExceution" time="4.279" errors="0" timestamp="2025-07-19T15:26:06 IST" skipped="2">
  <testcase classname="sctevt_runner_Execution.SctevtExceution" name="ScTEandVT2" time="4.279"/>
  <system-out/>
  <testcase classname="sctevt_runner_Execution.SctevtExceution" name="ScTEandVT">
    <skipped/>
  </testcase> <!-- ScTEandVT -->
  <system-out/>
  <testcase classname="sctevt_runner_Execution.SctevtExceution" name="ScTEandVT2">
    <skipped/>
  </testcase> <!-- ScTEandVT2 -->
  <system-out/>
</testsuite> <!-- sctevt_runner_Execution.SctevtExceution -->
