<?xml version="1.0" encoding="UTF-8"?>
<!-- Generated by org.testng.reporters.JUnitReportReporter -->
<testsuite hostname="DESKTOP-QRJIP05" failures="0" tests="22" name="sctevt_runner_Execution.SctevtExecutionCopy" time="61.670" errors="0" timestamp="2025-08-02T13:27:31 IST" skipped="3">
  <testcase classname="sctevt_runner_Execution.SctevtExecutionCopy" name="ScTEandVT_SID_06" time="0.035"/>
  <system-out/>
  <testcase classname="sctevt_runner_Execution.SctevtExecutionCopy" name="ScTEandVT_SID_06" time="0.020"/>
  <system-out/>
  <testcase classname="sctevt_runner_Execution.SctevtExecutionCopy" name="ScTEandVT_SID_06" time="0.025"/>
  <system-out/>
  <testcase classname="sctevt_runner_Execution.SctevtExecutionCopy" name="ScTEandVT_SID_06" time="0.018"/>
  <system-out/>
  <testcase classname="sctevt_runner_Execution.SctevtExecutionCopy" name="ScTEandVT_SID_06" time="0.024"/>
  <system-out/>
  <testcase classname="sctevt_runner_Execution.SctevtExecutionCopy" name="ScTEandVT_SID_06" time="15.890"/>
  <system-out/>
  <testcase classname="sctevt_runner_Execution.SctevtExecutionCopy" name="ScTEandVT_SID_06" time="20.100"/>
  <system-out/>
  <testcase classname="sctevt_runner_Execution.SctevtExecutionCopy" name="ScTEandVT_SID_06" time="0.035"/>
  <system-out/>
  <testcase classname="sctevt_runner_Execution.SctevtExecutionCopy" name="ScTEandVT_SID_06" time="0.038"/>
  <system-out/>
  <testcase classname="sctevt_runner_Execution.SctevtExecutionCopy" name="ScTEandVT_SID_06" time="0.014"/>
  <system-out/>
  <testcase classname="sctevt_runner_Execution.SctevtExecutionCopy" name="ScTEandVT_SID_06" time="0.022"/>
  <system-out/>
  <testcase classname="sctevt_runner_Execution.SctevtExecutionCopy" name="ScTEandVT_SID_06" time="0.046"/>
  <system-out/>
  <testcase classname="sctevt_runner_Execution.SctevtExecutionCopy" name="ScTEandVT_SID_06" time="0.476"/>
  <system-out/>
  <testcase classname="sctevt_runner_Execution.SctevtExecutionCopy" name="ScTEandVT_SID_06" time="11.737"/>
  <system-out/>
  <testcase classname="sctevt_runner_Execution.SctevtExecutionCopy" name="ScTEandVT_SID_06" time="0.022"/>
  <system-out/>
  <testcase classname="sctevt_runner_Execution.SctevtExecutionCopy" name="ScTEandVT_SID_06" time="0.021"/>
  <system-out/>
  <testcase classname="sctevt_runner_Execution.SctevtExecutionCopy" name="ScTEandVT_SID_06" time="0.021"/>
  <system-out/>
  <testcase classname="sctevt_runner_Execution.SctevtExecutionCopy" name="ScTEandVT_SID_06" time="13.108"/>
  <system-out/>
  <testcase classname="sctevt_runner_Execution.SctevtExecutionCopy" name="ScTEandVT_SID_06" time="0.018"/>
  <system-out/>
  <testcase classname="sctevt_runner_Execution.SctevtExecutionCopy" name="ScTEandVT_SID_07">
    <skipped/>
  </testcase> <!-- ScTEandVT_SID_07 -->
  <system-out/>
  <testcase classname="sctevt_runner_Execution.SctevtExecutionCopy" name="ScTEandVT2">
    <skipped/>
  </testcase> <!-- ScTEandVT2 -->
  <system-out/>
  <testcase classname="sctevt_runner_Execution.SctevtExecutionCopy" name="ScTEandVT2">
    <skipped/>
  </testcase> <!-- ScTEandVT2 -->
  <system-out/>
</testsuite> <!-- sctevt_runner_Execution.SctevtExecutionCopy -->
