<?xml version="1.0" encoding="UTF-8"?>
<!-- Generated by org.testng.reporters.JUnitReportReporter -->
<testsuite hostname="DESKTOP-QRJIP05" failures="0" tests="4" name="sctevt_runner_Execution.SctevtExceution" time="180.302" errors="0" timestamp="2025-07-01T16:16:07 IST" skipped="1">
  <testcase classname="sctevt_runner_Execution.SctevtExceution" name="ScTEandVT2" time="117.033"/>
  <system-out/>
  <testcase classname="sctevt_runner_Execution.SctevtExceution" name="ScTEandVT2" time="62.864"/>
  <system-out/>
  <testcase classname="sctevt_runner_Execution.SctevtExceution" name="ScTEandVT2" time="0.405"/>
  <system-out/>
  <testcase classname="sctevt_runner_Execution.SctevtExceution" name="ScTEandVT">
    <skipped/>
  </testcase> <!-- ScTEandVT -->
  <system-out/>
</testsuite> <!-- sctevt_runner_Execution.SctevtExceution -->
