<?xml version="1.0" encoding="UTF-8"?>
<!-- Generated by org.testng.reporters.JUnitReportReporter -->
<testsuite hostname="DESKTOP-QRJIP05" failures="0" tests="94" name="sctevt_runner_Execution.SctevtExceution" time="1174.436" errors="0" timestamp="2025-07-16T13:08:00 IST" skipped="1">
  <testcase classname="sctevt_runner_Execution.SctevtExceution" name="ScTEandVT" time="12.732"/>
  <system-out/>
  <testcase classname="sctevt_runner_Execution.SctevtExceution" name="ScTEandVT" time="12.657"/>
  <system-out/>
  <testcase classname="sctevt_runner_Execution.SctevtExceution" name="ScTEandVT" time="12.760"/>
  <system-out/>
  <testcase classname="sctevt_runner_Execution.SctevtExceution" name="ScTEandVT" time="12.559"/>
  <system-out/>
  <testcase classname="sctevt_runner_Execution.SctevtExceution" name="ScTEandVT" time="12.578"/>
  <system-out/>
  <testcase classname="sctevt_runner_Execution.SctevtExceution" name="ScTEandVT" time="12.653"/>
  <system-out/>
  <testcase classname="sctevt_runner_Execution.SctevtExceution" name="ScTEandVT" time="12.412"/>
  <system-out/>
  <testcase classname="sctevt_runner_Execution.SctevtExceution" name="ScTEandVT" time="12.143"/>
  <system-out/>
  <testcase classname="sctevt_runner_Execution.SctevtExceution" name="ScTEandVT" time="12.952"/>
  <system-out/>
  <testcase classname="sctevt_runner_Execution.SctevtExceution" name="ScTEandVT" time="12.732"/>
  <system-out/>
  <testcase classname="sctevt_runner_Execution.SctevtExceution" name="ScTEandVT" time="12.607"/>
  <system-out/>
  <testcase classname="sctevt_runner_Execution.SctevtExceution" name="ScTEandVT" time="12.173"/>
  <system-out/>
  <testcase classname="sctevt_runner_Execution.SctevtExceution" name="ScTEandVT" time="12.506"/>
  <system-out/>
  <testcase classname="sctevt_runner_Execution.SctevtExceution" name="ScTEandVT" time="12.566"/>
  <system-out/>
  <testcase classname="sctevt_runner_Execution.SctevtExceution" name="ScTEandVT" time="12.611"/>
  <system-out/>
  <testcase classname="sctevt_runner_Execution.SctevtExceution" name="ScTEandVT" time="12.658"/>
  <system-out/>
  <testcase classname="sctevt_runner_Execution.SctevtExceution" name="ScTEandVT" time="12.610"/>
  <system-out/>
  <testcase classname="sctevt_runner_Execution.SctevtExceution" name="ScTEandVT" time="12.585"/>
  <system-out/>
  <testcase classname="sctevt_runner_Execution.SctevtExceution" name="ScTEandVT" time="12.660"/>
  <system-out/>
  <testcase classname="sctevt_runner_Execution.SctevtExceution" name="ScTEandVT" time="18.828"/>
  <system-out/>
  <testcase classname="sctevt_runner_Execution.SctevtExceution" name="ScTEandVT" time="12.798"/>
  <system-out/>
  <testcase classname="sctevt_runner_Execution.SctevtExceution" name="ScTEandVT" time="12.540"/>
  <system-out/>
  <testcase classname="sctevt_runner_Execution.SctevtExceution" name="ScTEandVT" time="12.655"/>
  <system-out/>
  <testcase classname="sctevt_runner_Execution.SctevtExceution" name="ScTEandVT" time="12.683"/>
  <system-out/>
  <testcase classname="sctevt_runner_Execution.SctevtExceution" name="ScTEandVT" time="12.573"/>
  <system-out/>
  <testcase classname="sctevt_runner_Execution.SctevtExceution" name="ScTEandVT" time="12.613"/>
  <system-out/>
  <testcase classname="sctevt_runner_Execution.SctevtExceution" name="ScTEandVT" time="12.581"/>
  <system-out/>
  <testcase classname="sctevt_runner_Execution.SctevtExceution" name="ScTEandVT" time="12.569"/>
  <system-out/>
  <testcase classname="sctevt_runner_Execution.SctevtExceution" name="ScTEandVT" time="12.661"/>
  <system-out/>
  <testcase classname="sctevt_runner_Execution.SctevtExceution" name="ScTEandVT" time="12.907"/>
  <system-out/>
  <testcase classname="sctevt_runner_Execution.SctevtExceution" name="ScTEandVT" time="12.578"/>
  <system-out/>
  <testcase classname="sctevt_runner_Execution.SctevtExceution" name="ScTEandVT" time="12.715"/>
  <system-out/>
  <testcase classname="sctevt_runner_Execution.SctevtExceution" name="ScTEandVT" time="12.460"/>
  <system-out/>
  <testcase classname="sctevt_runner_Execution.SctevtExceution" name="ScTEandVT" time="12.560"/>
  <system-out/>
  <testcase classname="sctevt_runner_Execution.SctevtExceution" name="ScTEandVT" time="12.735"/>
  <system-out/>
  <testcase classname="sctevt_runner_Execution.SctevtExceution" name="ScTEandVT" time="12.703"/>
  <system-out/>
  <testcase classname="sctevt_runner_Execution.SctevtExceution" name="ScTEandVT" time="12.722"/>
  <system-out/>
  <testcase classname="sctevt_runner_Execution.SctevtExceution" name="ScTEandVT" time="12.717"/>
  <system-out/>
  <testcase classname="sctevt_runner_Execution.SctevtExceution" name="ScTEandVT" time="12.574"/>
  <system-out/>
  <testcase classname="sctevt_runner_Execution.SctevtExceution" name="ScTEandVT" time="12.757"/>
  <system-out/>
  <testcase classname="sctevt_runner_Execution.SctevtExceution" name="ScTEandVT" time="12.549"/>
  <system-out/>
  <testcase classname="sctevt_runner_Execution.SctevtExceution" name="ScTEandVT" time="12.761"/>
  <system-out/>
  <testcase classname="sctevt_runner_Execution.SctevtExceution" name="ScTEandVT" time="12.575"/>
  <system-out/>
  <testcase classname="sctevt_runner_Execution.SctevtExceution" name="ScTEandVT" time="12.842"/>
  <system-out/>
  <testcase classname="sctevt_runner_Execution.SctevtExceution" name="ScTEandVT" time="12.577"/>
  <system-out/>
  <testcase classname="sctevt_runner_Execution.SctevtExceution" name="ScTEandVT" time="12.551"/>
  <system-out/>
  <testcase classname="sctevt_runner_Execution.SctevtExceution" name="ScTEandVT" time="12.690"/>
  <system-out/>
  <testcase classname="sctevt_runner_Execution.SctevtExceution" name="ScTEandVT" time="13.066"/>
  <system-out/>
  <testcase classname="sctevt_runner_Execution.SctevtExceution" name="ScTEandVT" time="12.563"/>
  <system-out/>
  <testcase classname="sctevt_runner_Execution.SctevtExceution" name="ScTEandVT" time="12.577"/>
  <system-out/>
  <testcase classname="sctevt_runner_Execution.SctevtExceution" name="ScTEandVT" time="12.806"/>
  <system-out/>
  <testcase classname="sctevt_runner_Execution.SctevtExceution" name="ScTEandVT" time="12.637"/>
  <system-out/>
  <testcase classname="sctevt_runner_Execution.SctevtExceution" name="ScTEandVT" time="12.743"/>
  <system-out/>
  <testcase classname="sctevt_runner_Execution.SctevtExceution" name="ScTEandVT" time="5.677"/>
  <system-out/>
  <testcase classname="sctevt_runner_Execution.SctevtExceution" name="ScTEandVT" time="12.561"/>
  <system-out/>
  <testcase classname="sctevt_runner_Execution.SctevtExceution" name="ScTEandVT" time="12.735"/>
  <system-out/>
  <testcase classname="sctevt_runner_Execution.SctevtExceution" name="ScTEandVT" time="12.866"/>
  <system-out/>
  <testcase classname="sctevt_runner_Execution.SctevtExceution" name="ScTEandVT" time="12.748"/>
  <system-out/>
  <testcase classname="sctevt_runner_Execution.SctevtExceution" name="ScTEandVT" time="12.590"/>
  <system-out/>
  <testcase classname="sctevt_runner_Execution.SctevtExceution" name="ScTEandVT" time="12.665"/>
  <system-out/>
  <testcase classname="sctevt_runner_Execution.SctevtExceution" name="ScTEandVT" time="12.489"/>
  <system-out/>
  <testcase classname="sctevt_runner_Execution.SctevtExceution" name="ScTEandVT" time="12.659"/>
  <system-out/>
  <testcase classname="sctevt_runner_Execution.SctevtExceution" name="ScTEandVT" time="12.667"/>
  <system-out/>
  <testcase classname="sctevt_runner_Execution.SctevtExceution" name="ScTEandVT" time="12.579"/>
  <system-out/>
  <testcase classname="sctevt_runner_Execution.SctevtExceution" name="ScTEandVT" time="12.678"/>
  <system-out/>
  <testcase classname="sctevt_runner_Execution.SctevtExceution" name="ScTEandVT" time="12.562"/>
  <system-out/>
  <testcase classname="sctevt_runner_Execution.SctevtExceution" name="ScTEandVT" time="12.204"/>
  <system-out/>
  <testcase classname="sctevt_runner_Execution.SctevtExceution" name="ScTEandVT" time="12.829"/>
  <system-out/>
  <testcase classname="sctevt_runner_Execution.SctevtExceution" name="ScTEandVT" time="12.673"/>
  <system-out/>
  <testcase classname="sctevt_runner_Execution.SctevtExceution" name="ScTEandVT" time="12.342"/>
  <system-out/>
  <testcase classname="sctevt_runner_Execution.SctevtExceution" name="ScTEandVT" time="12.550"/>
  <system-out/>
  <testcase classname="sctevt_runner_Execution.SctevtExceution" name="ScTEandVT" time="12.660"/>
  <system-out/>
  <testcase classname="sctevt_runner_Execution.SctevtExceution" name="ScTEandVT" time="12.649"/>
  <system-out/>
  <testcase classname="sctevt_runner_Execution.SctevtExceution" name="ScTEandVT" time="12.587"/>
  <system-out/>
  <testcase classname="sctevt_runner_Execution.SctevtExceution" name="ScTEandVT" time="12.071"/>
  <system-out/>
  <testcase classname="sctevt_runner_Execution.SctevtExceution" name="ScTEandVT" time="12.131"/>
  <system-out/>
  <testcase classname="sctevt_runner_Execution.SctevtExceution" name="ScTEandVT" time="12.620"/>
  <system-out/>
  <testcase classname="sctevt_runner_Execution.SctevtExceution" name="ScTEandVT" time="12.603"/>
  <system-out/>
  <testcase classname="sctevt_runner_Execution.SctevtExceution" name="ScTEandVT" time="13.077"/>
  <system-out/>
  <testcase classname="sctevt_runner_Execution.SctevtExceution" name="ScTEandVT" time="12.780"/>
  <system-out/>
  <testcase classname="sctevt_runner_Execution.SctevtExceution" name="ScTEandVT" time="12.691"/>
  <system-out/>
  <testcase classname="sctevt_runner_Execution.SctevtExceution" name="ScTEandVT" time="12.564"/>
  <system-out/>
  <testcase classname="sctevt_runner_Execution.SctevtExceution" name="ScTEandVT" time="12.549"/>
  <system-out/>
  <testcase classname="sctevt_runner_Execution.SctevtExceution" name="ScTEandVT" time="13.114"/>
  <system-out/>
  <testcase classname="sctevt_runner_Execution.SctevtExceution" name="ScTEandVT" time="12.702"/>
  <system-out/>
  <testcase classname="sctevt_runner_Execution.SctevtExceution" name="ScTEandVT" time="12.713"/>
  <system-out/>
  <testcase classname="sctevt_runner_Execution.SctevtExceution" name="ScTEandVT" time="12.603"/>
  <system-out/>
  <testcase classname="sctevt_runner_Execution.SctevtExceution" name="ScTEandVT" time="12.659"/>
  <system-out/>
  <testcase classname="sctevt_runner_Execution.SctevtExceution" name="ScTEandVT" time="12.797"/>
  <system-out/>
  <testcase classname="sctevt_runner_Execution.SctevtExceution" name="ScTEandVT" time="12.717"/>
  <system-out/>
  <testcase classname="sctevt_runner_Execution.SctevtExceution" name="ScTEandVT" time="12.719"/>
  <system-out/>
  <testcase classname="sctevt_runner_Execution.SctevtExceution" name="ScTEandVT" time="12.615"/>
  <system-out/>
  <testcase classname="sctevt_runner_Execution.SctevtExceution" name="ScTEandVT" time="12.721"/>
  <system-out/>
  <testcase classname="sctevt_runner_Execution.SctevtExceution" name="ScTEandVT2">
    <skipped/>
  </testcase> <!-- ScTEandVT2 -->
  <system-out/>
</testsuite> <!-- sctevt_runner_Execution.SctevtExceution -->
